#
# There is insufficient memory for the Java Runtime Environment to continue.
# Native memory allocation (malloc) failed to allocate 1485056 bytes for Chunk::new
# Possible reasons:
#   The system is out of physical RAM or swap space
#   In 32 bit mode, the process size limit was hit
# Possible solutions:
#   Reduce memory load on the system
#   Increase physical memory or swap space
#   Check if swap backing store is full
#   Use 64 bit Java on a 64 bit OS
#   Decrease Java heap size (-Xmx/-Xms)
#   Decrease number of Java threads
#   Decrease Java thread stack sizes (-Xss)
#   Set larger code cache with -XX:ReservedCodeCacheSize=
# This output file may be truncated or incomplete.
#
#  Out of Memory Error (allocation.cpp:390), pid=496, tid=608
#
# JRE version: Java(TM) SE Runtime Environment (8.0_65-b17) (build 1.8.0_65-b17)
# Java VM: Java HotSpot(TM) 64-Bit Server VM (25.65-b01 mixed mode windows-amd64 compressed oops)
# Failed to write core dump. Minidumps are not enabled by default on client versions of Windows
#

---------------  T H R E A D  ---------------

Current thread (0x0000000015360000):  JavaThread "C2 CompilerThread1" daemon [_thread_in_native, id=608, stack(0x0000000016c00000,0x0000000016d00000)]

Stack: [0x0000000016c00000,0x0000000016d00000]
[error occurred during error reporting (printing stack bounds), id 0xc0000005]

Native frames: (J=compiled Java code, j=interpreted, Vv=VM code, C=native code)


Current CompileTask:
C2:  30261 2261   !   4       com.android.dx.cf.code.Ropper::processBlock (1101 bytes)


---------------  P R O C E S S  ---------------

Java Threads: ( => current thread )
  0x00000000171e2800 JavaThread "pool-1-thread-1" [_thread_in_native, id=4276, stack(0x0000000017400000,0x0000000017500000)]
  0x00000000153a1800 JavaThread "Service Thread" daemon [_thread_blocked, id=1572, stack(0x0000000016e00000,0x0000000016f00000)]
  0x0000000015389800 JavaThread "C1 CompilerThread2" daemon [_thread_blocked, id=1092, stack(0x0000000016d00000,0x0000000016e00000)]
=>0x0000000015360000 JavaThread "C2 CompilerThread1" daemon [_thread_in_native, id=608, stack(0x0000000016c00000,0x0000000016d00000)]
  0x0000000015358800 JavaThread "C2 CompilerThread0" daemon [_thread_blocked, id=2540, stack(0x0000000016b00000,0x0000000016c00000)]
  0x0000000015356800 JavaThread "Attach Listener" daemon [_thread_blocked, id=5332, stack(0x0000000016a00000,0x0000000016b00000)]
  0x0000000015355800 JavaThread "Signal Dispatcher" daemon [_thread_blocked, id=6588, stack(0x0000000016900000,0x0000000016a00000)]
  0x0000000002c80800 JavaThread "Finalizer" daemon [_thread_blocked, id=5648, stack(0x00000000165b0000,0x00000000166b0000)]
  0x0000000002c7d000 JavaThread "Reference Handler" daemon [_thread_blocked, id=6356, stack(0x00000000164b0000,0x00000000165b0000)]
  0x000000000127d800 JavaThread "main" [_thread_blocked, id=5228, stack(0x0000000002a90000,0x0000000002b90000)]

Other Threads:
  0x0000000015328000 VMThread [stack: 0x00000000163b0000,0x00000000164b0000] [id=7748]
  0x00000000153b8800 WatcherThread [stack: 0x0000000017300000,0x0000000017400000] [id=4264]

VM state:not at safepoint (normal execution)

VM Mutex/Monitor currently owned by a thread: None

Heap:
 PSYoungGen      total 142848K, used 107165K [0x00000000eab00000, 0x00000000f4a00000, 0x0000000100000000)
  eden space 129024K, 72% used [0x00000000eab00000,0x00000000f06ea8f8,0x00000000f2900000)
  from space 13824K, 94% used [0x00000000f3880000,0x00000000f453cb40,0x00000000f4600000)
  to   space 15872K, 0% used [0x00000000f2900000,0x00000000f2900000,0x00000000f3880000)
 ParOldGen       total 44032K, used 23875K [0x00000000c0000000, 0x00000000c2b00000, 0x00000000eab00000)
  object space 44032K, 54% used [0x00000000c0000000,0x00000000c1750db0,0x00000000c2b00000)
 Metaspace       used 6520K, capacity 7256K, committed 7424K, reserved 1056768K
  class space    used 626K, capacity 656K, committed 768K, reserved 1048576K

Card table byte_map: [0x0000000012050000,0x0000000012260000] byte_map_base: 0x0000000011a50000

Marking Bits: (ParMarkBitMap*) 0x000000006e74a5b0
 Begin Bits: [0x00000000127c0000, 0x00000000137c0000)
 End Bits:   [0x00000000137c0000, 0x00000000147c0000)

Polling page: 0x0000000001260000

CodeCache: size=245760Kb used=10008Kb max_used=10028Kb free=235751Kb
 bounds [0x0000000002c90000, 0x0000000003670000, 0x0000000011c90000]
 total_blobs=2386 nmethods=2116 adapters=182
 compilation: enabled

Compilation events (10 events):
Event: 29.712 Thread 0x0000000015389800 2301       2       com.android.dx.ssa.back.FirstFitLocalCombiningAllocator::ssaSetToSpecs (57 bytes)
Event: 29.986 Thread 0x0000000015389800 nmethod 2301 0x000000000363a2d0 code [0x000000000363a4e0, 0x000000000363acd8]
Event: 29.986 Thread 0x0000000015389800 2303       2       com.android.dx.rop.code.Rops::opSub (29 bytes)
Event: 29.986 Thread 0x0000000015389800 nmethod 2303 0x0000000002d9cb90 code [0x0000000002d9cd00, 0x0000000002d9cea8]
Event: 29.995 Thread 0x0000000015389800 2304       3       com.android.dx.ssa.back.FirstFitLocalCombiningAllocator::handleCheckCastResults (413 bytes)
Event: 30.000 Thread 0x0000000015389800 nmethod 2304 0x0000000003631650 code [0x0000000003631be0, 0x0000000003635838]
Event: 30.020 Thread 0x0000000015389800 2305       2       java.util.concurrent.FutureTask::report (37 bytes)
Event: 30.021 Thread 0x0000000015389800 nmethod 2305 0x0000000003631090 code [0x0000000003631220, 0x00000000036314d8]
Event: 30.044 Thread 0x0000000015358800 nmethod 2296 0x0000000003654390 code [0x0000000003654640, 0x0000000003656a48]
Event: 30.044 Thread 0x0000000015358800 2299       4       com.android.dx.ssa.SsaConverter::edgeSplitSuccessors (98 bytes)

GC Heap History (10 events):
Event: 10.399 GC heap before
{Heap before GC invocations=2 (full 0):
 PSYoungGen      total 18944K, used 18925K [0x00000000eab00000, 0x00000000ed000000, 0x0000000100000000)
  eden space 16384K, 100% used [0x00000000eab00000,0x00000000ebb00000,0x00000000ebb00000)
  from space 2560K, 99% used [0x00000000ebb00000,0x00000000ebd7b7a0,0x00000000ebd80000)
  to   space 2560K, 0% used [0x00000000ecd80000,0x00000000ecd80000,0x00000000ed000000)
 ParOldGen       total 44032K, used 941K [0x00000000c0000000, 0x00000000c2b00000, 0x00000000eab00000)
  object space 44032K, 2% used [0x00000000c0000000,0x00000000c00eb540,0x00000000c2b00000)
 Metaspace       used 6014K, capacity 6896K, committed 7040K, reserved 1056768K
  class space    used 601K, capacity 616K, committed 640K, reserved 1048576K
Event: 10.668 GC heap after
Heap after GC invocations=2 (full 0):
 PSYoungGen      total 35328K, used 2534K [0x00000000eab00000, 0x00000000ed000000, 0x0000000100000000)
  eden space 32768K, 0% used [0x00000000eab00000,0x00000000eab00000,0x00000000ecb00000)
  from space 2560K, 99% used [0x00000000ecd80000,0x00000000ecff9b20,0x00000000ed000000)
  to   space 2560K, 0% used [0x00000000ecb00000,0x00000000ecb00000,0x00000000ecd80000)
 ParOldGen       total 44032K, used 3133K [0x00000000c0000000, 0x00000000c2b00000, 0x00000000eab00000)
  object space 44032K, 7% used [0x00000000c0000000,0x00000000c030f510,0x00000000c2b00000)
 Metaspace       used 6014K, capacity 6896K, committed 7040K, reserved 1056768K
  class space    used 601K, capacity 616K, committed 640K, reserved 1048576K
}
Event: 11.793 GC heap before
{Heap before GC invocations=3 (full 0):
 PSYoungGen      total 35328K, used 35302K [0x00000000eab00000, 0x00000000ed000000, 0x0000000100000000)
  eden space 32768K, 100% used [0x00000000eab00000,0x00000000ecb00000,0x00000000ecb00000)
  from space 2560K, 99% used [0x00000000ecd80000,0x00000000ecff9b20,0x00000000ed000000)
  to   space 2560K, 0% used [0x00000000ecb00000,0x00000000ecb00000,0x00000000ecd80000)
 ParOldGen       total 44032K, used 3133K [0x00000000c0000000, 0x00000000c2b00000, 0x00000000eab00000)
  object space 44032K, 7% used [0x00000000c0000000,0x00000000c030f510,0x00000000c2b00000)
 Metaspace       used 6180K, capacity 7088K, committed 7296K, reserved 1056768K
  class space    used 602K, capacity 616K, committed 640K, reserved 1048576K
Event: 12.342 GC heap after
Heap after GC invocations=3 (full 0):
 PSYoungGen      total 35328K, used 2550K [0x00000000eab00000, 0x00000000ef000000, 0x0000000100000000)
  eden space 32768K, 0% used [0x00000000eab00000,0x00000000eab00000,0x00000000ecb00000)
  from space 2560K, 99% used [0x00000000ecb00000,0x00000000ecd7db40,0x00000000ecd80000)
  to   space 2560K, 0% used [0x00000000eed80000,0x00000000eed80000,0x00000000ef000000)
 ParOldGen       total 44032K, used 8103K [0x00000000c0000000, 0x00000000c2b00000, 0x00000000eab00000)
  object space 44032K, 18% used [0x00000000c0000000,0x00000000c07e9c50,0x00000000c2b00000)
 Metaspace       used 6180K, capacity 7088K, committed 7296K, reserved 1056768K
  class space    used 602K, capacity 616K, committed 640K, reserved 1048576K
}
Event: 13.228 GC heap before
{Heap before GC invocations=4 (full 0):
 PSYoungGen      total 35328K, used 35318K [0x00000000eab00000, 0x00000000ef000000, 0x0000000100000000)
  eden space 32768K, 100% used [0x00000000eab00000,0x00000000ecb00000,0x00000000ecb00000)
  from space 2560K, 99% used [0x00000000ecb00000,0x00000000ecd7db40,0x00000000ecd80000)
  to   space 2560K, 0% used [0x00000000eed80000,0x00000000eed80000,0x00000000ef000000)
 ParOldGen       total 44032K, used 8103K [0x00000000c0000000, 0x00000000c2b00000, 0x00000000eab00000)
  object space 44032K, 18% used [0x00000000c0000000,0x00000000c07e9c50,0x00000000c2b00000)
 Metaspace       used 6253K, capacity 7152K, committed 7296K, reserved 1056768K
  class space    used 603K, capacity 616K, committed 640K, reserved 1048576K
Event: 13.411 GC heap after
Heap after GC invocations=4 (full 0):
 PSYoungGen      total 68096K, used 2532K [0x00000000eab00000, 0x00000000ef000000, 0x0000000100000000)
  eden space 65536K, 0% used [0x00000000eab00000,0x00000000eab00000,0x00000000eeb00000)
  from space 2560K, 98% used [0x00000000eed80000,0x00000000eeff93c8,0x00000000ef000000)
  to   space 2560K, 0% used [0x00000000eeb00000,0x00000000eeb00000,0x00000000eed80000)
 ParOldGen       total 44032K, used 13532K [0x00000000c0000000, 0x00000000c2b00000, 0x00000000eab00000)
  object space 44032K, 30% used [0x00000000c0000000,0x00000000c0d37040,0x00000000c2b00000)
 Metaspace       used 6253K, capacity 7152K, committed 7296K, reserved 1056768K
  class space    used 603K, capacity 616K, committed 640K, reserved 1048576K
}
Event: 24.934 GC heap before
{Heap before GC invocations=5 (full 0):
 PSYoungGen      total 68096K, used 68068K [0x00000000eab00000, 0x00000000ef000000, 0x0000000100000000)
  eden space 65536K, 100% used [0x00000000eab00000,0x00000000eeb00000,0x00000000eeb00000)
  from space 2560K, 98% used [0x00000000eed80000,0x00000000eeff93c8,0x00000000ef000000)
  to   space 2560K, 0% used [0x00000000eeb00000,0x00000000eeb00000,0x00000000eed80000)
 ParOldGen       total 44032K, used 13532K [0x00000000c0000000, 0x00000000c2b00000, 0x00000000eab00000)
  object space 44032K, 30% used [0x00000000c0000000,0x00000000c0d37040,0x00000000c2b00000)
 Metaspace       used 6387K, capacity 7192K, committed 7424K, reserved 1056768K
  class space    used 623K, capacity 656K, committed 768K, reserved 1048576K
Event: 25.073 GC heap after
Heap after GC invocations=5 (full 0):
 PSYoungGen      total 68096K, used 2549K [0x00000000eab00000, 0x00000000f4600000, 0x0000000100000000)
  eden space 65536K, 0% used [0x00000000eab00000,0x00000000eab00000,0x00000000eeb00000)
  from space 2560K, 99% used [0x00000000eeb00000,0x00000000eed7d628,0x00000000eed80000)
  to   space 13824K, 0% used [0x00000000f3880000,0x00000000f3880000,0x00000000f4600000)
 ParOldGen       total 44032K, used 23867K [0x00000000c0000000, 0x00000000c2b00000, 0x00000000eab00000)
  object space 44032K, 54% used [0x00000000c0000000,0x00000000c174edb0,0x00000000c2b00000)
 Metaspace       used 6387K, capacity 7192K, committed 7424K, reserved 1056768K
  class space    used 623K, capacity 656K, committed 768K, reserved 1048576K
}
Event: 27.806 GC heap before
{Heap before GC invocations=6 (full 0):
 PSYoungGen      total 68096K, used 68085K [0x00000000eab00000, 0x00000000f4600000, 0x0000000100000000)
  eden space 65536K, 100% used [0x00000000eab00000,0x00000000eeb00000,0x00000000eeb00000)
  from space 2560K, 99% used [0x00000000eeb00000,0x00000000eed7d628,0x00000000eed80000)
  to   space 13824K, 0% used [0x00000000f3880000,0x00000000f3880000,0x00000000f4600000)
 ParOldGen       total 44032K, used 23867K [0x00000000c0000000, 0x00000000c2b00000, 0x00000000eab00000)
  object space 44032K, 54% used [0x00000000c0000000,0x00000000c174edb0,0x00000000c2b00000)
 Metaspace       used 6473K, capacity 7192K, committed 7424K, reserved 1056768K
  class space    used 623K, capacity 656K, committed 768K, reserved 1048576K
Event: 27.962 GC heap after
Heap after GC invocations=6 (full 0):
 PSYoungGen      total 142848K, used 13042K [0x00000000eab00000, 0x00000000f4a00000, 0x0000000100000000)
  eden space 129024K, 0% used [0x00000000eab00000,0x00000000eab00000,0x00000000f2900000)
  from space 13824K, 94% used [0x00000000f3880000,0x00000000f453cb40,0x00000000f4600000)
  to   space 15872K, 0% used [0x00000000f2900000,0x00000000f2900000,0x00000000f3880000)
 ParOldGen       total 44032K, used 23875K [0x00000000c0000000, 0x00000000c2b00000, 0x00000000eab00000)
  object space 44032K, 54% used [0x00000000c0000000,0x00000000c1750db0,0x00000000c2b00000)
 Metaspace       used 6473K, capacity 7192K, committed 7424K, reserved 1056768K
  class space    used 623K, capacity 656K, committed 768K, reserved 1048576K
}

Deoptimization events (10 events):
Event: 27.656 Thread 0x0000000017151000 Uncommon trap: reason=bimorphic action=maybe_recompile pc=0x000000000333b084 method=com.android.dx.rop.code.RegisterSpec.withSimpleType()Lcom/android/dx/rop/code/RegisterSpec; @ 21
Event: 27.970 Thread 0x0000000017150800 Uncommon trap: reason=unstable_if action=reinterpret pc=0x00000000034f8160 method=com.android.dx.rop.code.DexTranslationAdvice.hasConstantOperation(Lcom/android/dx/rop/code/Rop;Lcom/android/dx/rop/code/RegisterSpec;Lcom/android/dx/rop/code/RegisterSpec;)Z UK¤øþ;@
Event: 27.996 Thread 0x0000000017150800 Uncommon trap: reason=unstable_if action=reinterpret pc=0x000000000338be3c method=java.util.HashMap.resize()[Ljava/util/HashMap$Node; @ 206
Event: 28.102 Thread 0x0000000017151000 Uncommon trap: reason=bimorphic action=maybe_recompile pc=0x000000000333b084 method=com.android.dx.rop.code.RegisterSpec.withSimpleType()Lcom/android/dx/rop/code/RegisterSpec; @ 21
Event: 28.780 Thread 0x0000000017150800 Uncommon trap: reason=unstable_if action=reinterpret pc=0x00000000032e727c method=com.android.dx.ssa.SCCP.simulateBranch(Lcom/android/dx/ssa/SsaInsn;)V @ 548
Event: 28.784 Thread 0x0000000017150800 Uncommon trap: reason=unstable_if action=reinterpret pc=0x000000000359245c method=com.android.dx.ssa.SCCP.replaceBranches()V @ 14
Event: 28.800 Thread 0x0000000017150800 Uncommon trap: reason=unstable_if action=reinterpret pc=0x000000000342c638 method=com.android.dx.cf.code.ByteCatchList.listFor(I)Lcom/android/dx/cf/code/ByteCatchList; @ 47
Event: 29.253 Thread 0x00000000171e2800 Uncommon trap: reason=unstable_if action=reinterpret pc=0x000000000339f844 method=com.android.dx.rop.cst.CstNat.equals(Ljava/lang/Object;)Z @ 25
Event: 29.447 Thread 0x0000000017150800 Uncommon trap: reason=class_check action=maybe_recompile pc=0x00000000033f9d2c method=com.android.dx.ssa.back.FirstFitLocalCombiningAllocator.findNextUnreservedRopReg(IILcom/android/dx/ssa/back/FirstFitLocalCombiningAllocator$Alignment;)I @ 60
Event: 29.447 Thread 0x0000000017150800 Uncommon trap: reason=class_check action=maybe_recompile pc=0x00000000033f9d2c method=com.android.dx.ssa.back.FirstFitLocalCombiningAllocator.findNextUnreservedRopReg(IILcom/android/dx/ssa/back/FirstFitLocalCombiningAllocator$Alignment;)I @ 60

Internal exceptions (6 events):
Event: 0.164 Thread 0x000000000127d800 Exception <a 'java/lang/NoSuchMethodError': Method sun.misc.Unsafe.defineClass(Ljava/lang/String;[BII)Ljava/lang/Class; name or signature does not match> (0x00000000eab0d5c8) thrown at [C:\workspace\8-2-build-windows-amd64-cygwin\jdk8u65\4987\hotspot\src\s®IÁÅ?
Event: 0.164 Thread 0x000000000127d800 Exception <a 'java/lang/NoSuchMethodError': Method sun.misc.Unsafe.prefetchRead(Ljava/lang/Object;J)V name or signature does not match> (0x00000000eab0d8b0) thrown at [C:\workspace\8-2-build-windows-amd64-cygwin\jdk8u65\4987\hotspot\src\share\vm\prims\jni.¾úoòb$@
Event: 10.193 Thread 0x00000000171e2800 Implicit null exception at 0x0000000002ff2fb7 to 0x0000000002ff5191
Event: 21.135 Thread 0x0000000017151000 Exception <a 'java/lang/ArrayIndexOutOfBoundsException': 18> (0x00000000eeaa0838) thrown at [C:\workspace\8-2-build-windows-amd64-cygwin\jdk8u65\4987\hotspot\src\share\vm\interpreter\interpreterRuntime.cpp, line 366]
Event: 21.147 Thread 0x0000000017151000 Exception <a 'java/lang/ArrayIndexOutOfBoundsException'> (0x00000000eeaa23b8) thrown at [C:\workspace\8-2-build-windows-amd64-cygwin\jdk8u65\4987\hotspot\src\share\vm\runtime\sharedRuntime.cpp, line 605]
Event: 24.552 Thread 0x0000000017151000 Exception <a 'java/lang/ArrayIndexOutOfBoundsException'> (0x00000000eeaa36a0) thrown at [C:\workspace\8-2-build-windows-amd64-cygwin\jdk8u65\4987\hotspot\src\share\vm\runtime\sharedRuntime.cpp, line 605]

Events (10 events):
Event: 29.986 Thread 0x0000000015389800 flushing nmethod 0x0000000002d9cc10
Event: 29.991 Thread 0x0000000017150800 Thread exited: 0x0000000017150800
Event: 29.995 Thread 0x0000000017152000 DEOPT PACKING pc=0x00000000032325e3 sp=0x00000000178fec00
Event: 29.995 Thread 0x0000000017152000 DEOPT UNPACKING pc=0x0000000002cd787f sp=0x00000000178fe950 mode 0
Event: 30.020 Thread 0x0000000017152000 Thread exited: 0x0000000017152000
Event: 30.020 Thread 0x000000001714f800 Thread exited: 0x000000001714f800
Event: 30.020 loading class com/android/dx/command/dexer/Main$DexWriter
Event: 30.020 loading class com/android/dx/command/dexer/Main$DexWriter done
Event: 30.021 Thread 0x00000000171e2800 Thread added: 0x00000000171e2800
Event: 30.022 loading class java/util/TreeMap$KeySet


Dynamic libraries:
0x00007ff781900000 - 0x00007ff781937000 	C:\Program Files\Java\jdk1.8.0_65\bin\java.exe
0x00007ff968900000 - 0x00007ff968aa9000 	C:\Windows\SYSTEM32\ntdll.dll
0x00007ff966a90000 - 0x00007ff966bca000 	C:\Windows\system32\KERNEL32.DLL
0x00007ff965ea0000 - 0x00007ff965faf000 	C:\Windows\system32\KERNELBASE.dll
0x00007ff966780000 - 0x00007ff966825000 	C:\Windows\system32\ADVAPI32.dll
0x00007ff966570000 - 0x00007ff9666e1000 	C:\Windows\system32\USER32.dll
0x00007ff9625b0000 - 0x00007ff96280a000 	C:\Windows\WinSxS\amd64_microsoft.windows.common-controls_6595b64144ccf1df_6.0.9600.16384_none_62475f7becb72503\COMCTL32.dll
0x00007ff968200000 - 0x00007ff9682a7000 	C:\Windows\system32\msvcrt.dll
0x00007ff966190000 - 0x00007ff9661e7000 	C:\Windows\SYSTEM32\sechost.dll
0x00007ff966390000 - 0x00007ff9664c6000 	C:\Windows\system32\RPCRT4.dll
0x00007ff9682b0000 - 0x00007ff9683f5000 	C:\Windows\system32\GDI32.dll
0x00007ff9681c0000 - 0x00007ff9681f4000 	C:\Windows\system32\IMM32.DLL
0x00007ff9685e0000 - 0x00007ff968719000 	C:\Windows\system32\MSCTF.dll
0x000000006dac0000 - 0x000000006db92000 	C:\Program Files\Java\jdk1.8.0_65\jre\bin\msvcr100.dll
0x000000006df40000 - 0x000000006e7c9000 	C:\Program Files\Java\jdk1.8.0_65\jre\bin\server\jvm.dll
0x00007ff95e040000 - 0x00007ff95e049000 	C:\Windows\SYSTEM32\WSOCK32.dll
0x00007ff962080000 - 0x00007ff96209f000 	C:\Windows\SYSTEM32\WINMM.dll
0x00007ff95fbc0000 - 0x00007ff95fbca000 	C:\Windows\SYSTEM32\VERSION.dll
0x00007ff9666f0000 - 0x00007ff9666f7000 	C:\Windows\system32\PSAPI.DLL
0x00007ff9684b0000 - 0x00007ff968508000 	C:\Windows\system32\WS2_32.dll
0x00007ff962050000 - 0x00007ff96207a000 	C:\Windows\SYSTEM32\WINMMBASE.dll
0x00007ff966380000 - 0x00007ff966389000 	C:\Windows\system32\NSI.dll
0x00007ff965da0000 - 0x00007ff965dea000 	C:\Windows\SYSTEM32\cfgmgr32.dll
0x00007ff964b10000 - 0x00007ff964b36000 	C:\Windows\SYSTEM32\DEVOBJ.dll
0x000000006df30000 - 0x000000006df3f000 	C:\Program Files\Java\jdk1.8.0_65\jre\bin\verify.dll
0x000000006df00000 - 0x000000006df29000 	C:\Program Files\Java\jdk1.8.0_65\jre\bin\java.dll
0x000000006dee0000 - 0x000000006def6000 	C:\Program Files\Java\jdk1.8.0_65\jre\bin\zip.dll
0x00007ff966bd0000 - 0x00007ff967fde000 	C:\Windows\system32\SHELL32.dll
0x00007ff967fe0000 - 0x00007ff9681b7000 	C:\Windows\SYSTEM32\combase.dll
0x00007ff966a30000 - 0x00007ff966a81000 	C:\Windows\system32\SHLWAPI.dll
0x00007ff963f10000 - 0x00007ff963fb1000 	C:\Windows\SYSTEM32\SHCORE.dll
0x00007ff965c80000 - 0x00007ff965c94000 	C:\Windows\SYSTEM32\profapi.dll

VM Arguments:
jvm_args: -Djava.awt.headless=true -Xmx1024M -Dfile.encoding=windows-1252 -Duser.country=US -Duser.language=en -Duser.variant 
java_command: com.android.dx.command.Main --dex --force-jumbo --num-threads=4 --multi-dex --output D:\Android1\Background\app\build\intermediates\transforms\dex\debug\folders\1000\10\com.android.support-appcompat-v7-23.4.0_9f7dc5d179dca1b1e701a0d577fde6f3cdd17bf0 D:\Android1\Background\app\build\intermediates\exploded-aar\com.android.support\appcompat-v7\23.4.0\jars\classes.jar
java_class_path (initial): D:\Android1\sdk\build-tools\23.0.3\lib\dx.jar
Launcher Type: SUN_STANDARD

Environment Variables:
PATH=c:\Software\octave3.6.4\bin;C:\Program Files (x86)\Qucs\bin;C:\ProgramData\Oracle\Java\javapath;C:\Program Files (x86)\Intel\iCLS Client\;C:\Program Files\Intel\iCLS Client\;C:\Windows\system32;C:\Windows;C:\Windows\System32\Wbem;C:\Windows\System32\WindowsPowerShell\v1.0\;C:\Program Files\Intel\Intel(R) Management Engine Components\DAL;C:\Program Files\Intel\Intel(R) Management Engine Components\IPT;C:\Program Files (x86)\Intel\Intel(R) Management Engine Components\DAL;C:\Program Files (x86)\Intel\Intel(R) Management Engine Components\IPT;C:\Program Files (x86)\mingw32\bin;C:/Windows/System32;C:\Program Files (x86)\Microsoft VS Code\bin
USERNAME=Harshil
OS=Windows_NT
PROCESSOR_IDENTIFIER=Intel64 Family 6 Model 69 Stepping 1, GenuineIntel



---------------  S Y S T E M  ---------------

OS: Windows 8.1 , 64 bit Build 9600 (6.3.9600.16384)

CPU:total 4 (2 cores per cpu, 2 threads per core) family 6 model 69 stepping 1, cmov, cx8, fxsr, mmx, sse, sse2, sse3, ssse3, sse4.1, sse4.2, popcnt, avx, avx2, aes, clmul, erms, lzcnt, ht, tsc, tscinvbit, bmi1, bmi2

Memory: 4k page, physical 4096188k(68772k free), swap 5975796k(9280k free)

vm_info: Java HotSpot(TM) 64-Bit Server VM (25.65-b01) for windows-amd64 JRE (1.8.0_65-b17), built on Oct  6 2015 16:39:20 by "java_re" with MS VC++ 10.0 (VS2010)

time: Tue Jun 14 17:58:14 2016
elapsed time: 30 seconds (0d 0h 0m 30s)

