#
# There is insufficient memory for the Java Runtime Environment to continue.
# Native memory allocation (malloc) failed to allocate 1057376 bytes for Chunk::new
# Possible reasons:
#   The system is out of physical RAM or swap space
#   In 32 bit mode, the process size limit was hit
# Possible solutions:
#   Reduce memory load on the system
#   Increase physical memory or swap space
#   Check if swap backing store is full
#   Use 64 bit Java on a 64 bit OS
#   Decrease Java heap size (-Xmx/-Xms)
#   Decrease number of Java threads
#   Decrease Java thread stack sizes (-Xss)
#   Set larger code cache with -XX:ReservedCodeCacheSize=
# This output file may be truncated or incomplete.
#
#  Out of Memory Error (allocation.cpp:390), pid=2260, tid=5648
#
# JRE version: Java(TM) SE Runtime Environment (8.0_65-b17) (build 1.8.0_65-b17)
# Java VM: Java HotSpot(TM) 64-Bit Server VM (25.65-b01 mixed mode windows-amd64 compressed oops)
# Failed to write core dump. Minidumps are not enabled by default on client versions of Windows
#

---------------  T H R E A D  ---------------

Current thread (0x0000000014d69000):  JavaThread "C2 CompilerThread0" daemon [_thread_in_native, id=5648, stack(0x0000000016520000,0x0000000016620000)]

Stack: [0x0000000016520000,0x0000000016620000]
[error occurred during error reporting (printing stack bounds), id 0xc0000005]

Native frames: (J=compiled Java code, j=interpreted, Vv=VM code, C=native code)


Current CompileTask:
C2:  15555 2697       4       com.android.dx.dex.code.LocalList::make (102 bytes)


---------------  P R O C E S S  ---------------

Java Threads: ( => current thread )
  0x0000000016e8a000 JavaThread "pool-1-thread-1" [_thread_in_native, id=1128, stack(0x0000000017620000,0x0000000017720000)]
  0x000000001672d000 JavaThread "Service Thread" daemon [_thread_blocked, id=4264, stack(0x0000000016c20000,0x0000000016d20000)]
  0x0000000016728800 JavaThread "C1 CompilerThread2" daemon [_thread_blocked, id=1568, stack(0x0000000016b20000,0x0000000016c20000)]
  0x0000000014dc6800 JavaThread "C2 CompilerThread1" daemon [_thread_in_native, id=6588, stack(0x0000000016620000,0x0000000016720000)]
=>0x0000000014d69000 JavaThread "C2 CompilerThread0" daemon [_thread_in_native, id=5648, stack(0x0000000016520000,0x0000000016620000)]
  0x0000000014d67000 JavaThread "Attach Listener" daemon [_thread_blocked, id=5332, stack(0x0000000016420000,0x0000000016520000)]
  0x0000000014d65800 JavaThread "Signal Dispatcher" daemon [_thread_blocked, id=4920, stack(0x0000000016320000,0x0000000016420000)]
  0x0000000002696000 JavaThread "Finalizer" daemon [_thread_blocked, id=7928, stack(0x0000000015fd0000,0x00000000160d0000)]
  0x000000000268d000 JavaThread "Reference Handler" daemon [_thread_blocked, id=3068, stack(0x0000000015ed0000,0x0000000015fd0000)]
  0x0000000000ccd800 JavaThread "main" [_thread_blocked, id=6660, stack(0x00000000024a0000,0x00000000025a0000)]

Other Threads:
  0x0000000014d38000 VMThread [stack: 0x0000000015dd0000,0x0000000015ed0000] [id=2724]
  0x0000000016732000 WatcherThread [stack: 0x0000000016d20000,0x0000000016e20000] [id=5068]

VM state:not at safepoint (normal execution)

VM Mutex/Monitor currently owned by a thread: None

Heap:
 PSYoungGen      total 139776K, used 101289K [0x00000000eab00000, 0x00000000f4c00000, 0x0000000100000000)
  eden space 125440K, 69% used [0x00000000eab00000,0x00000000efff24a0,0x00000000f2580000)
  from space 14336K, 99% used [0x00000000f3700000,0x00000000f44f8310,0x00000000f4500000)
  to   space 17920K, 0% used [0x00000000f2580000,0x00000000f2580000,0x00000000f3700000)
 ParOldGen       total 44032K, used 24236K [0x00000000c0000000, 0x00000000c2b00000, 0x00000000eab00000)
  object space 44032K, 55% used [0x00000000c0000000,0x00000000c17ab350,0x00000000c2b00000)
 Metaspace       used 7044K, capacity 7672K, committed 7936K, reserved 1056768K
  class space    used 648K, capacity 688K, committed 768K, reserved 1048576K

Card table byte_map: [0x0000000011a60000,0x0000000011c70000] byte_map_base: 0x0000000011460000

Marking Bits: (ParMarkBitMap*) 0x000000006e74a5b0
 Begin Bits: [0x00000000121d0000, 0x00000000131d0000)
 End Bits:   [0x00000000131d0000, 0x00000000141d0000)

Polling page: 0x0000000000cb0000

CodeCache: size=245760Kb used=11278Kb max_used=11278Kb free=234481Kb
 bounds [0x00000000026a0000, 0x00000000031b0000, 0x00000000116a0000]
 total_blobs=2879 nmethods=2608 adapters=183
 compilation: enabled

Compilation events (10 events):
Event: 14.869 Thread 0x0000000016728800 nmethod 2780 0x000000000314ba10 code [0x000000000314bb60, 0x000000000314bd30]
Event: 14.869 Thread 0x0000000016728800 2779       2       com.android.dx.rop.annotation.Annotation::getNameValuePairs (11 bytes)
Event: 14.869 Thread 0x0000000016728800 nmethod 2779 0x000000000314bd90 code [0x000000000314bf00, 0x000000000314c208]
Event: 14.869 Thread 0x0000000016728800 2782       1       com.android.dx.rop.cst.CstArray::getList (5 bytes)
Event: 14.869 Thread 0x0000000016728800 nmethod 2782 0x000000000314c3d0 code [0x000000000314c520, 0x000000000314c630]
Event: 14.870 Thread 0x0000000016728800 2783       2       com.android.dx.dex.file.ValueEncoder::<init> (43 bytes)
Event: 14.870 Thread 0x0000000016728800 nmethod 2783 0x000000000314c690 code [0x000000000314c820, 0x000000000314caf8]
Event: 14.871 Thread 0x0000000016728800 2784       1       com.android.dx.dex.file.EncodedMember::getAccessFlags (5 bytes)
Event: 14.871 Thread 0x0000000016728800 nmethod 2784 0x000000000314cc50 code [0x000000000314cda0, 0x000000000314ceb0]
Event: 14.871 Thread 0x0000000016728800 2785       2       com.android.dx.util.ByteArrayAnnotatedOutput::annotates (13 bytes)

GC Heap History (10 events):
Event: 1.965 GC heap before
{Heap before GC invocations=4 (full 0):
 PSYoungGen      total 18944K, used 18936K [0x00000000eab00000, 0x00000000ed000000, 0x0000000100000000)
  eden space 16384K, 100% used [0x00000000eab00000,0x00000000ebb00000,0x00000000ebb00000)
  from space 2560K, 99% used [0x00000000ebb00000,0x00000000ebd7e190,0x00000000ebd80000)
  to   space 2560K, 0% used [0x00000000ecd80000,0x00000000ecd80000,0x00000000ed000000)
 ParOldGen       total 44032K, used 5317K [0x00000000c0000000, 0x00000000c2b00000, 0x00000000eab00000)
  object space 44032K, 12% used [0x00000000c0000000,0x00000000c0531468,0x00000000c2b00000)
 Metaspace       used 6170K, capacity 7088K, committed 7296K, reserved 1056768K
  class space    used 602K, capacity 616K, committed 640K, reserved 1048576K
Event: 2.004 GC heap after
Heap after GC invocations=4 (full 0):
 PSYoungGen      total 35328K, used 2550K [0x00000000eab00000, 0x00000000ed000000, 0x0000000100000000)
  eden space 32768K, 0% used [0x00000000eab00000,0x00000000eab00000,0x00000000ecb00000)
  from space 2560K, 99% used [0x00000000ecd80000,0x00000000ecffdb30,0x00000000ed000000)
  to   space 2560K, 0% used [0x00000000ecb00000,0x00000000ecb00000,0x00000000ecd80000)
 ParOldGen       total 44032K, used 8001K [0x00000000c0000000, 0x00000000c2b00000, 0x00000000eab00000)
  object space 44032K, 18% used [0x00000000c0000000,0x00000000c07d07b0,0x00000000c2b00000)
 Metaspace       used 6170K, capacity 7088K, committed 7296K, reserved 1056768K
  class space    used 602K, capacity 616K, committed 640K, reserved 1048576K
}
Event: 2.463 GC heap before
{Heap before GC invocations=5 (full 0):
 PSYoungGen      total 35328K, used 35318K [0x00000000eab00000, 0x00000000ed000000, 0x0000000100000000)
  eden space 32768K, 100% used [0x00000000eab00000,0x00000000ecb00000,0x00000000ecb00000)
  from space 2560K, 99% used [0x00000000ecd80000,0x00000000ecffdb30,0x00000000ed000000)
  to   space 2560K, 0% used [0x00000000ecb00000,0x00000000ecb00000,0x00000000ecd80000)
 ParOldGen       total 44032K, used 8001K [0x00000000c0000000, 0x00000000c2b00000, 0x00000000eab00000)
  object space 44032K, 18% used [0x00000000c0000000,0x00000000c07d07b0,0x00000000c2b00000)
 Metaspace       used 6236K, capacity 7088K, committed 7296K, reserved 1056768K
  class space    used 602K, capacity 616K, committed 640K, reserved 1048576K
Event: 2.509 GC heap after
Heap after GC invocations=5 (full 0):
 PSYoungGen      total 35328K, used 2535K [0x00000000eab00000, 0x00000000efb00000, 0x0000000100000000)
  eden space 32768K, 0% used [0x00000000eab00000,0x00000000eab00000,0x00000000ecb00000)
  from space 2560K, 99% used [0x00000000ecb00000,0x00000000ecd79d08,0x00000000ecd80000)
  to   space 8192K, 0% used [0x00000000ef300000,0x00000000ef300000,0x00000000efb00000)
 ParOldGen       total 44032K, used 13118K [0x00000000c0000000, 0x00000000c2b00000, 0x00000000eab00000)
  object space 44032K, 29% used [0x00000000c0000000,0x00000000c0ccf970,0x00000000c2b00000)
 Metaspace       used 6236K, capacity 7088K, committed 7296K, reserved 1056768K
  class space    used 602K, capacity 616K, committed 640K, reserved 1048576K
}
Event: 3.161 GC heap before
{Heap before GC invocations=6 (full 0):
 PSYoungGen      total 35328K, used 35303K [0x00000000eab00000, 0x00000000efb00000, 0x0000000100000000)
  eden space 32768K, 100% used [0x00000000eab00000,0x00000000ecb00000,0x00000000ecb00000)
  from space 2560K, 99% used [0x00000000ecb00000,0x00000000ecd79d08,0x00000000ecd80000)
  to   space 8192K, 0% used [0x00000000ef300000,0x00000000ef300000,0x00000000efb00000)
 ParOldGen       total 44032K, used 13118K [0x00000000c0000000, 0x00000000c2b00000, 0x00000000eab00000)
  object space 44032K, 29% used [0x00000000c0000000,0x00000000c0ccf970,0x00000000c2b00000)
 Metaspace       used 6278K, capacity 7152K, committed 7296K, reserved 1056768K
  class space    used 603K, capacity 616K, committed 640K, reserved 1048576K
Event: 3.401 GC heap after
Heap after GC invocations=6 (full 0):
 PSYoungGen      total 72704K, used 7951K [0x00000000eab00000, 0x00000000efd00000, 0x0000000100000000)
  eden space 64512K, 0% used [0x00000000eab00000,0x00000000eab00000,0x00000000eea00000)
  from space 8192K, 97% used [0x00000000ef300000,0x00000000efac3cd8,0x00000000efb00000)
  to   space 9216K, 0% used [0x00000000eea00000,0x00000000eea00000,0x00000000ef300000)
 ParOldGen       total 44032K, used 13118K [0x00000000c0000000, 0x00000000c2b00000, 0x00000000eab00000)
  object space 44032K, 29% used [0x00000000c0000000,0x00000000c0ccf970,0x00000000c2b00000)
 Metaspace       used 6278K, capacity 7152K, committed 7296K, reserved 1056768K
  class space    used 603K, capacity 616K, committed 640K, reserved 1048576K
}
Event: 5.201 GC heap before
{Heap before GC invocations=7 (full 0):
 PSYoungGen      total 72704K, used 72463K [0x00000000eab00000, 0x00000000efd00000, 0x0000000100000000)
  eden space 64512K, 100% used [0x00000000eab00000,0x00000000eea00000,0x00000000eea00000)
  from space 8192K, 97% used [0x00000000ef300000,0x00000000efac3cd8,0x00000000efb00000)
  to   space 9216K, 0% used [0x00000000eea00000,0x00000000eea00000,0x00000000ef300000)
 ParOldGen       total 44032K, used 13118K [0x00000000c0000000, 0x00000000c2b00000, 0x00000000eab00000)
  object space 44032K, 29% used [0x00000000c0000000,0x00000000c0ccf970,0x00000000c2b00000)
 Metaspace       used 6398K, capacity 7192K, committed 7424K, reserved 1056768K
  class space    used 623K, capacity 656K, committed 768K, reserved 1048576K
Event: 5.713 GC heap after
Heap after GC invocations=7 (full 0):
 PSYoungGen      total 73728K, used 9213K [0x00000000eab00000, 0x00000000f4500000, 0x0000000100000000)
  eden space 64512K, 0% used [0x00000000eab00000,0x00000000eab00000,0x00000000eea00000)
  from space 9216K, 99% used [0x00000000eea00000,0x00000000ef2ff7c8,0x00000000ef300000)
  to   space 14336K, 0% used [0x00000000f3700000,0x00000000f3700000,0x00000000f4500000)
 ParOldGen       total 44032K, used 20882K [0x00000000c0000000, 0x00000000c2b00000, 0x00000000eab00000)
  object space 44032K, 47% used [0x00000000c0000000,0x00000000c1464b88,0x00000000c2b00000)
 Metaspace       used 6398K, capacity 7192K, committed 7424K, reserved 1056768K
  class space    used 623K, capacity 656K, committed 768K, reserved 1048576K
}
Event: 8.410 GC heap before
{Heap before GC invocations=8 (full 0):
 PSYoungGen      total 73728K, used 73725K [0x00000000eab00000, 0x00000000f4500000, 0x0000000100000000)
  eden space 64512K, 100% used [0x00000000eab00000,0x00000000eea00000,0x00000000eea00000)
  from space 9216K, 99% used [0x00000000eea00000,0x00000000ef2ff7c8,0x00000000ef300000)
  to   space 14336K, 0% used [0x00000000f3700000,0x00000000f3700000,0x00000000f4500000)
 ParOldGen       total 44032K, used 20882K [0x00000000c0000000, 0x00000000c2b00000, 0x00000000eab00000)
  object space 44032K, 47% used [0x00000000c0000000,0x00000000c1464b88,0x00000000c2b00000)
 Metaspace       used 6480K, capacity 7192K, committed 7424K, reserved 1056768K
  class space    used 624K, capacity 656K, committed 768K, reserved 1048576K
Event: 8.749 GC heap after
Heap after GC invocations=8 (full 0):
 PSYoungGen      total 139776K, used 14304K [0x00000000eab00000, 0x00000000f4c00000, 0x0000000100000000)
  eden space 125440K, 0% used [0x00000000eab00000,0x00000000eab00000,0x00000000f2580000)
  from space 14336K, 99% used [0x00000000f3700000,0x00000000f44f8310,0x00000000f4500000)
  to   space 17920K, 0% used [0x00000000f2580000,0x00000000f2580000,0x00000000f3700000)
 ParOldGen       total 44032K, used 24236K [0x00000000c0000000, 0x00000000c2b00000, 0x00000000eab00000)
  object space 44032K, 55% used [0x00000000c0000000,0x00000000c17ab350,0x00000000c2b00000)
 Metaspace       used 6480K, capacity 7192K, committed 7424K, reserved 1056768K
  class space    used 624K, capacity 656K, committed 768K, reserved 1048576K
}

Deoptimization events (10 events):
Event: 12.118 Thread 0x0000000016e8a000 Uncommon trap: reason=unstable_if action=reinterpret pc=0x0000000002fff0c4 method=java.util.HashMap.putVal(ILjava/lang/Object;Ljava/lang/Object;ZZ)Ljava/lang/Object; @ 206
Event: 12.688 Thread 0x0000000016e8a000 Uncommon trap: reason=unstable_if action=reinterpret pc=0x0000000003019a6c method=java.util.HashMap.putVal(ILjava/lang/Object;Ljava/lang/Object;ZZ)Ljava/lang/Object; @ 206
Event: 13.375 Thread 0x0000000016e8a000 Uncommon trap: reason=unstable_if action=reinterpret pc=0x000000000302d1a8 method=com.android.dx.dex.file.DexFile.internIfAppropriate(Lcom/android/dx/rop/cst/Constant;)V @ 92
Event: 13.742 Thread 0x0000000016e8a000 Uncommon trap: reason=speculate_class_check action=maybe_recompile pc=0x00000000029d4278 method=com.android.dx.util.FixedSizeList.equals(Ljava/lang/Object;)Z @ 25
Event: 13.806 Thread 0x0000000016e8a000 Uncommon trap: reason=speculate_class_check action=maybe_recompile pc=0x00000000029d4278 method=com.android.dx.util.FixedSizeList.equals(Ljava/lang/Object;)Z @ 25
Event: 13.806 Thread 0x0000000016e8a000 Uncommon trap: reason=speculate_class_check action=maybe_recompile pc=0x00000000029d4278 method=com.android.dx.util.FixedSizeList.equals(Ljava/lang/Object;)Z @ 25
Event: 13.806 Thread 0x0000000016e8a000 Uncommon trap: reason=speculate_class_check action=maybe_recompile pc=0x00000000029d4278 method=com.android.dx.util.FixedSizeList.equals(Ljava/lang/Object;)Z @ 25
Event: 13.886 Thread 0x0000000016e8a000 Uncommon trap: reason=unstable_if action=reinterpret pc=0x0000000002ec69ac method=java.util.TreeMap.put(Ljava/lang/Object;Ljava/lang/Object;)Ljava/lang/Object; @ 163
Event: 13.898 Thread 0x0000000016e8a000 Uncommon trap: reason=unstable_if action=reinterpret pc=0x00000000030ac10c method=com.android.dx.rop.code.RegisterSpec.matchesVariable(Lcom/android/dx/rop/code/RegisterSpec;)Z @ 59
Event: 14.818 Thread 0x0000000016e8a000 Uncommon trap: reason=unstable_if action=reinterpret pc=0x00000000030dda24 method=java.util.ArrayList.<init>(I)V @ 5

Internal exceptions (5 events):
Event: 0.111 Thread 0x0000000000ccd800 Exception <a 'java/lang/NoSuchMethodError': Method sun.misc.Unsafe.defineClass(Ljava/lang/String;[BII)Ljava/lang/Class; name or signature does not match> (0x00000000eab0d1f0) thrown at [C:\workspace\8-2-build-windows-amd64-cygwin\jdk8u65\4987\hotspot\src\sÇ_³LÁS¼?
Event: 0.111 Thread 0x0000000000ccd800 Exception <a 'java/lang/NoSuchMethodError': Method sun.misc.Unsafe.prefetchRead(Ljava/lang/Object;J)V name or signature does not match> (0x00000000eab0d4d8) thrown at [C:\workspace\8-2-build-windows-amd64-cygwin\jdk8u65\4987\hotspot\src\share\vm\prims\jni.]K¢!ú(@
Event: 3.895 Thread 0x0000000016e8c800 Exception <a 'java/lang/ArrayIndexOutOfBoundsException': 18> (0x00000000ecee8580) thrown at [C:\workspace\8-2-build-windows-amd64-cygwin\jdk8u65\4987\hotspot\src\share\vm\interpreter\interpreterRuntime.cpp, line 366]
Event: 3.896 Thread 0x0000000016e8c800 Exception <a 'java/lang/ArrayIndexOutOfBoundsException': 145> (0x00000000eceea100) thrown at [C:\workspace\8-2-build-windows-amd64-cygwin\jdk8u65\4987\hotspot\src\share\vm\interpreter\interpreterRuntime.cpp, line 366]
Event: 3.896 Thread 0x0000000016e8c800 Exception <a 'java/lang/ArrayIndexOutOfBoundsException'> (0x00000000eceeb3e8) thrown at [C:\workspace\8-2-build-windows-amd64-cygwin\jdk8u65\4987\hotspot\src\share\vm\runtime\sharedRuntime.cpp, line 605]

Events (10 events):
Event: 14.814 loading class com/android/dx/dex/file/DebugInfoEncoder done
Event: 14.817 loading class com/android/dx/dex/file/DebugInfoEncoder$1
Event: 14.817 loading class com/android/dx/dex/file/DebugInfoEncoder$1 done
Event: 14.817 loading class com/android/dx/dex/file/DebugInfoEncoder$2
Event: 14.817 loading class com/android/dx/dex/file/DebugInfoEncoder$2 done
Event: 14.818 Thread 0x0000000016e8a000 Uncommon trap: trap_request=0xffffff65 fr.pc=0x00000000030dda24
Event: 14.818 Thread 0x0000000016e8a000 DEOPT PACKING pc=0x00000000030dda24 sp=0x000000001771eb80
Event: 14.818 Thread 0x0000000016e8a000 DEOPT UNPACKING pc=0x00000000026e582a sp=0x000000001771eb28 mode 2
Event: 14.863 loading class com/android/dex/EncodedValueCodec
Event: 14.863 loading class com/android/dex/EncodedValueCodec done


Dynamic libraries:
0x00007ff781900000 - 0x00007ff781937000 	C:\Program Files\Java\jdk1.8.0_65\bin\java.exe
0x00007ff968900000 - 0x00007ff968aa9000 	C:\Windows\SYSTEM32\ntdll.dll
0x00007ff966a90000 - 0x00007ff966bca000 	C:\Windows\system32\KERNEL32.DLL
0x00007ff965ea0000 - 0x00007ff965faf000 	C:\Windows\system32\KERNELBASE.dll
0x00007ff966780000 - 0x00007ff966825000 	C:\Windows\system32\ADVAPI32.dll
0x00007ff966570000 - 0x00007ff9666e1000 	C:\Windows\system32\USER32.dll
0x00007ff9625b0000 - 0x00007ff96280a000 	C:\Windows\WinSxS\amd64_microsoft.windows.common-controls_6595b64144ccf1df_6.0.9600.16384_none_62475f7becb72503\COMCTL32.dll
0x00007ff968200000 - 0x00007ff9682a7000 	C:\Windows\system32\msvcrt.dll
0x00007ff966190000 - 0x00007ff9661e7000 	C:\Windows\SYSTEM32\sechost.dll
0x00007ff966390000 - 0x00007ff9664c6000 	C:\Windows\system32\RPCRT4.dll
0x00007ff9682b0000 - 0x00007ff9683f5000 	C:\Windows\system32\GDI32.dll
0x00007ff9681c0000 - 0x00007ff9681f4000 	C:\Windows\system32\IMM32.DLL
0x00007ff9685e0000 - 0x00007ff968719000 	C:\Windows\system32\MSCTF.dll
0x000000006dac0000 - 0x000000006db92000 	C:\Program Files\Java\jdk1.8.0_65\jre\bin\msvcr100.dll
0x000000006df40000 - 0x000000006e7c9000 	C:\Program Files\Java\jdk1.8.0_65\jre\bin\server\jvm.dll
0x00007ff95e040000 - 0x00007ff95e049000 	C:\Windows\SYSTEM32\WSOCK32.dll
0x00007ff962080000 - 0x00007ff96209f000 	C:\Windows\SYSTEM32\WINMM.dll
0x00007ff95fbc0000 - 0x00007ff95fbca000 	C:\Windows\SYSTEM32\VERSION.dll
0x00007ff9666f0000 - 0x00007ff9666f7000 	C:\Windows\system32\PSAPI.DLL
0x00007ff9684b0000 - 0x00007ff968508000 	C:\Windows\system32\WS2_32.dll
0x00007ff962050000 - 0x00007ff96207a000 	C:\Windows\SYSTEM32\WINMMBASE.dll
0x00007ff966380000 - 0x00007ff966389000 	C:\Windows\system32\NSI.dll
0x00007ff965da0000 - 0x00007ff965dea000 	C:\Windows\SYSTEM32\cfgmgr32.dll
0x00007ff964b10000 - 0x00007ff964b36000 	C:\Windows\SYSTEM32\DEVOBJ.dll
0x000000006df30000 - 0x000000006df3f000 	C:\Program Files\Java\jdk1.8.0_65\jre\bin\verify.dll
0x000000006df00000 - 0x000000006df29000 	C:\Program Files\Java\jdk1.8.0_65\jre\bin\java.dll
0x000000006dee0000 - 0x000000006def6000 	C:\Program Files\Java\jdk1.8.0_65\jre\bin\zip.dll
0x00007ff966bd0000 - 0x00007ff967fde000 	C:\Windows\system32\SHELL32.dll
0x00007ff967fe0000 - 0x00007ff9681b7000 	C:\Windows\SYSTEM32\combase.dll
0x00007ff966a30000 - 0x00007ff966a81000 	C:\Windows\system32\SHLWAPI.dll
0x00007ff963f10000 - 0x00007ff963fb1000 	C:\Windows\SYSTEM32\SHCORE.dll
0x00007ff965c80000 - 0x00007ff965c94000 	C:\Windows\SYSTEM32\profapi.dll

VM Arguments:
jvm_args: -Djava.awt.headless=true -Xmx1024M -Dfile.encoding=windows-1252 -Duser.country=US -Duser.language=en -Duser.variant 
java_command: com.android.dx.command.Main --dex --force-jumbo --num-threads=4 --multi-dex --output D:\Android1\Background\app\build\intermediates\transforms\dex\debug\folders\1000\10\com.android.support-appcompat-v7-23.4.0_9f7dc5d179dca1b1e701a0d577fde6f3cdd17bf0 D:\Android1\Background\app\build\intermediates\exploded-aar\com.android.support\appcompat-v7\23.4.0\jars\classes.jar
java_class_path (initial): D:\Android1\sdk\build-tools\23.0.3\lib\dx.jar
Launcher Type: SUN_STANDARD

Environment Variables:
PATH=c:\Software\octave3.6.4\bin;C:\Program Files (x86)\Qucs\bin;C:\ProgramData\Oracle\Java\javapath;C:\Program Files (x86)\Intel\iCLS Client\;C:\Program Files\Intel\iCLS Client\;C:\Windows\system32;C:\Windows;C:\Windows\System32\Wbem;C:\Windows\System32\WindowsPowerShell\v1.0\;C:\Program Files\Intel\Intel(R) Management Engine Components\DAL;C:\Program Files\Intel\Intel(R) Management Engine Components\IPT;C:\Program Files (x86)\Intel\Intel(R) Management Engine Components\DAL;C:\Program Files (x86)\Intel\Intel(R) Management Engine Components\IPT;C:\Program Files (x86)\mingw32\bin;C:/Windows/System32;C:\Program Files (x86)\Microsoft VS Code\bin
USERNAME=Harshil
OS=Windows_NT
PROCESSOR_IDENTIFIER=Intel64 Family 6 Model 69 Stepping 1, GenuineIntel



---------------  S Y S T E M  ---------------

OS: Windows 8.1 , 64 bit Build 9600 (6.3.9600.16384)

CPU:total 4 (2 cores per cpu, 2 threads per core) family 6 model 69 stepping 1, cmov, cx8, fxsr, mmx, sse, sse2, sse3, ssse3, sse4.1, sse4.2, popcnt, avx, avx2, aes, clmul, erms, lzcnt, ht, tsc, tscinvbit, bmi1, bmi2

Memory: 4k page, physical 4096188k(225132k free), swap 5975836k(132736k free)

vm_info: Java HotSpot(TM) 64-Bit Server VM (25.65-b01) for windows-amd64 JRE (1.8.0_65-b17), built on Oct  6 2015 16:39:20 by "java_re" with MS VC++ 10.0 (VS2010)

time: Tue Jun 14 18:03:42 2016
elapsed time: 16 seconds (0d 0h 0m 16s)

